The following model/training parameters were used for this run: 

batch_size =  750
base_mixup_alpha =  1
mixup_alpha =  0
relu_alpha (only used for CNN) =  11
lr =  0.001
epochs =  100
num_runs =  5
-------------------------------------------------

Uniform Mixup model training loss results: 
-------------------------------------------------

Uniform Mixup average test error over 5 runs: 9.66%
1 std for final test error: 0.00%
-------------------------------------------------

Midpoint Mixup model training loss results: 
-------------------------------------------------

Midpoint Mixup average test error over 5 runs: 14.84%
1 std for final test error: 0.01%
-------------------------------------------------

Base model training loss results: 
-------------------------------------------------

Base average test error over 5 runs: 16.55%
1 std for final test error: 0.02%
-------------------------------------------------

